\BOOKMARK [0][-]{section*.1}{\376\377\000D\000e\000c\000l\000a\000r\000a\000t\000i\000o\000n\000\040\000o\000f\000\040\000A\000u\000t\000h\000o\000r\000s\000h\000i\000p}{}% 1
\BOOKMARK [0][-]{chapter.6}{\376\377\000I\000n\000t\000r\000o\000d\000u\000c\000t\000i\000o\000n}{}% 2
\BOOKMARK [1][-]{section.7}{\376\377\000M\000o\000t\000i\000v\000a\000t\000i\000o\000n}{chapter.6}% 3
\BOOKMARK [1][-]{section.8}{\376\377\000S\000c\000o\000p\000e}{chapter.6}% 4
\BOOKMARK [1][-]{section.9}{\376\377\000O\000b\000j\000e\000c\000t\000i\000v\000e\000s}{chapter.6}% 5
\BOOKMARK [0][-]{chapter.10}{\376\377\000T\000e\000c\000h\000n\000i\000c\000a\000l\000\040\000S\000p\000e\000c\000i\000f\000i\000c\000a\000t\000i\000o\000n}{}% 6
\BOOKMARK [1][-]{section.11}{\376\377\000B\000a\000c\000k\000g\000r\000o\000u\000n\000d\000\040\000R\000e\000s\000e\000a\000r\000c\000h}{chapter.10}% 7
\BOOKMARK [2][-]{subsection.12}{\376\377\000E\000x\000i\000s\000t\000i\000n\000g\000\040\000S\000y\000s\000t\000e\000m\000s}{section.11}% 8
\BOOKMARK [3][-]{section*.13}{\376\377\000S\000o\000u\000n\000d\000c\000l\000o\000u\000d}{subsection.12}% 9
\BOOKMARK [3][-]{section*.14}{\376\377\000E\000v\000e\000r\000n\000o\000t\000e}{subsection.12}% 10
\BOOKMARK [1][-]{section.15}{\376\377\000O\000v\000e\000r\000v\000i\000e\000w}{chapter.10}% 11
\BOOKMARK [1][-]{section.16}{\376\377\000A\000p\000p\000l\000i\000c\000a\000t\000i\000o\000n\000\040\000F\000r\000a\000m\000e\000w\000o\000r\000k\000s}{chapter.10}% 12
\BOOKMARK [1][-]{section.17}{\376\377\000F\000u\000l\000l\000\040\000S\000t\000a\000c\000k\000\040\000D\000e\000v\000e\000l\000o\000p\000m\000e\000n\000t}{chapter.10}% 13
\BOOKMARK [2][-]{subsection.18}{\376\377\000F\000l\000u\000t\000t\000e\000r}{section.17}% 14
\BOOKMARK [3][-]{section*.19}{\376\377\000D\000a\000r\000t\000\040\000p\000l\000a\000t\000f\000o\000r\000m}{subsection.18}% 15
\BOOKMARK [3][-]{section*.20}{\376\377\000F\000l\000u\000t\000t\000e\000r\000\040\000e\000n\000g\000i\000n\000e}{subsection.18}% 16
\BOOKMARK [3][-]{section*.21}{\376\377\000F\000o\000u\000n\000d\000a\000t\000i\000o\000n\000\040\000l\000i\000b\000r\000a\000r\000y}{subsection.18}% 17
\BOOKMARK [3][-]{section*.22}{\376\377\000W\000i\000d\000g\000e\000t\000s}{subsection.18}% 18
\BOOKMARK [3][-]{section*.23}{\376\377\000G\000o\000o\000g\000l\000e\000\040\000F\000i\000r\000e\000b\000a\000s\000e}{subsection.18}% 19
\BOOKMARK [0][-]{chapter.24}{\376\377\000P\000r\000o\000j\000e\000c\000t\000\040\000M\000a\000n\000a\000g\000e\000m\000e\000n\000t}{}% 20
\BOOKMARK [1][-]{section.25}{\376\377\000R\000e\000s\000o\000u\000r\000c\000e\000\040\000M\000a\000n\000a\000g\000e\000m\000e\000n\000t}{chapter.24}% 21
\BOOKMARK [1][-]{section.28}{\376\377\000G\000a\000n\000t\000t\000\040\000C\000h\000a\000r\000t}{chapter.24}% 22
\BOOKMARK [1][-]{section.29}{\376\377\000M\000e\000t\000h\000o\000d\000o\000l\000o\000g\000y}{chapter.24}% 23
\BOOKMARK [2][-]{subsection.30}{\376\377\000A\000g\000i\000l\000e\000\040\000D\000e\000v\000e\000l\000o\000p\000m\000e\000n\000t\000\040\000M\000e\000t\000h\000o\000d}{section.29}% 24
\BOOKMARK [2][-]{subsection.31}{\376\377\000K\000a\000n\000b\000a\000n}{section.29}% 25
\BOOKMARK [1][-]{section.32}{\376\377\000V\000e\000r\000s\000i\000o\000n\000\040\000C\000o\000n\000t\000r\000o\000l}{chapter.24}% 26
\BOOKMARK [2][-]{subsection.33}{\376\377\000G\000i\000t}{section.32}% 27
\BOOKMARK [0][-]{chapter.34}{\376\377\000A\000n\000a\000l\000y\000s\000i\000s}{}% 28
\BOOKMARK [1][-]{section.35}{\376\377\000S\000y\000s\000t\000e\000m\000\040\000R\000e\000q\000u\000i\000r\000e\000m\000e\000n\000t\000s}{chapter.34}% 29
\BOOKMARK [2][-]{subsection.36}{\376\377\000F\000u\000n\000c\000t\000i\000o\000n\000a\000l\000\040\000R\000e\000q\000u\000i\000r\000e\000m\000e\000n\000t\000s}{section.35}% 30
\BOOKMARK [2][-]{subsection.38}{\376\377\000N\000o\000n\000-\000f\000u\000n\000c\000t\000i\000o\000n\000a\000l\000\040\000R\000e\000q\000u\000i\000r\000e\000m\000e\000n\000t\000s}{section.35}% 31
\BOOKMARK [1][-]{section.40}{\376\377\000S\000t\000a\000k\000e\000h\000o\000l\000d\000e\000r\000s}{chapter.34}% 32
\BOOKMARK [1][-]{section.41}{\376\377\000U\000s\000e\000\040\000C\000a\000s\000e}{chapter.34}% 33
\BOOKMARK [2][-]{subsection.42}{\376\377\000U\000s\000e\000\040\000C\000a\000s\000e\000\040\000D\000i\000a\000g\000r\000a\000m}{section.41}% 34
\BOOKMARK [2][-]{subsection.44}{\376\377\000U\000s\000e\000\040\000C\000a\000s\000e\000\040\000S\000c\000e\000n\000a\000r\000i\000o\000s}{section.41}% 35
\BOOKMARK [3][-]{section*.45}{\376\377\000S\000t\000u\000d\000e\000n\000t\000/\000A\000c\000a\000d\000e\000m\000i\000c\000\040\000-\000\040\000C\000r\000e\000a\000t\000i\000n\000g\000\040\000a\000\040\000n\000e\000w\000\040\000n\000o\000t\000e}{subsection.44}% 36
\BOOKMARK [3][-]{section*.47}{\376\377\000S\000t\000u\000d\000e\000n\000t\000/\000A\000c\000a\000d\000e\000m\000i\000c\000\040\000-\000\040\000R\000e\000v\000i\000s\000i\000n\000g\000\040\000\050\000r\000e\000v\000i\000e\000w\000i\000n\000g\000\040\000n\000o\000t\000e\000s\000\051}{subsection.44}% 37
\BOOKMARK [3][-]{section*.49}{\376\377\000L\000e\000c\000t\000u\000r\000e\000r\000\040\000-\000\040\000E\000d\000i\000t\000i\000n\000g\000\040\000n\000o\000t\000e\000s}{subsection.44}% 38
\BOOKMARK [0][-]{chapter.51}{\376\377\000S\000y\000s\000t\000e\000m\000\040\000D\000e\000s\000i\000g\000n}{}% 39
\BOOKMARK [1][-]{section.52}{\376\377\000D\000e\000s\000i\000g\000n\000\040\000M\000o\000d\000e\000l\000s}{chapter.51}% 40
\BOOKMARK [2][-]{subsection.53}{\376\377\000A\000c\000t\000i\000v\000i\000t\000y\000\040\000D\000i\000a\000g\000r\000a\000m}{section.52}% 41
\BOOKMARK [2][-]{subsection.54}{\376\377\000S\000e\000q\000u\000e\000n\000c\000e\000\040\000D\000i\000a\000g\000r\000a\000m}{section.52}% 42
\BOOKMARK [1][-]{section.55}{\376\377\000P\000r\000o\000t\000o\000t\000y\000p\000e\000s}{chapter.51}% 43
\BOOKMARK [1][-]{section.56}{\376\377\000U\000I\000\040\000D\000e\000s\000i\000g\000n}{chapter.51}% 44
\BOOKMARK [2][-]{subsection.57}{\376\377\000C\000r\000e\000a\000t\000e\000\040\000N\000o\000t\000e}{section.56}% 45
\BOOKMARK [2][-]{subsection.59}{\376\377\000L\000i\000s\000t\000\040\000N\000o\000t\000e\000s}{section.56}% 46
\BOOKMARK [2][-]{subsection.61}{\376\377\000R\000e\000c\000o\000r\000d\000i\000n\000g}{section.56}% 47
\BOOKMARK [2][-]{subsection.63}{\376\377\000P\000l\000a\000y\000b\000a\000c\000k}{section.56}% 48
\BOOKMARK [0][-]{chapter.65}{\376\377\000I\000m\000p\000l\000e\000m\000e\000n\000t\000a\000t\000i\000o\000n}{}% 49
\BOOKMARK [1][-]{section.66}{\376\377\000F\000r\000o\000n\000t\000\040\000E\000n\000d\000\040\000-\000\040\000F\000l\000u\000t\000t\000e\000r}{chapter.65}% 50
\BOOKMARK [1][-]{section.67}{\376\377\000B\000u\000s\000i\000n\000e\000s\000s\000\040\000L\000a\000y\000e\000r\000\040\000-\000\040\000F\000l\000u\000t\000t\000e\000r}{chapter.65}% 51
\BOOKMARK [1][-]{section.68}{\376\377\000B\000a\000c\000k\000\040\000E\000n\000d\000\040\000-\000\040\000G\000o\000o\000g\000l\000e\000\040\000F\000i\000r\000e\000b\000a\000s\000e}{chapter.65}% 52
\BOOKMARK [1][-]{section.69}{\376\377\000M\000o\000b\000i\000l\000e\000\040\000A\000p\000p\000l\000i\000c\000a\000t\000i\000o\000n\000\040\000D\000e\000v\000e\000l\000o\000p\000m\000e\000n\000t}{chapter.65}% 53
\BOOKMARK [1][-]{section.70}{\376\377\000C\000o\000d\000e\000\040\000R\000e\000v\000i\000e\000w}{chapter.65}% 54
\BOOKMARK [2][-]{subsection.71}{\376\377\000d\000a\000t\000a\000b\000a\000s\000e\000.\000d\000a\000r\000t}{section.70}% 55
\BOOKMARK [3][-]{section*.72}{\376\377\000u\000p\000l\000o\000a\000d\000i\000n\000g\000N\000o\000t\000e}{subsection.71}% 56
\BOOKMARK [3][-]{section*.73}{\376\377\000g\000e\000t\000N\000o\000t\000e\000s}{subsection.71}% 57
\BOOKMARK [3][-]{section*.74}{\376\377\000e\000d\000i\000t\000N\000o\000t\000e}{subsection.71}% 58
\BOOKMARK [3][-]{section*.75}{\376\377\000d\000e\000l\000e\000t\000e\000N\000o\000t\000e}{subsection.71}% 59
\BOOKMARK [2][-]{subsection.76}{\376\377\000n\000e\000w\000N\000o\000t\000e\000.\000d\000a\000r\000t}{section.70}% 60
\BOOKMARK [2][-]{subsection.78}{\376\377\000l\000i\000s\000t\000.\000d\000a\000r\000t}{section.70}% 61
\BOOKMARK [2][-]{subsection.80}{\376\377\000p\000l\000a\000y\000b\000a\000c\000k\000.\000d\000a\000r\000t}{section.70}% 62
\BOOKMARK [2][-]{subsection.82}{\376\377\000v\000o\000i\000c\000e\000\137\000m\000e\000s\000s\000a\000g\000e\000.\000d\000a\000r\000t}{section.70}% 63
\BOOKMARK [1][-]{section.88}{\376\377\000D\000i\000s\000r\000u\000p\000t\000i\000o\000n\000s\000\040\000a\000n\000d\000\040\000S\000o\000l\000u\000t\000i\000o\000n\000s}{chapter.65}% 64
\BOOKMARK [1][-]{section.91}{\376\377\000D\000e\000p\000l\000o\000y\000m\000e\000n\000t}{chapter.65}% 65
\BOOKMARK [0][-]{chapter.92}{\376\377\000T\000e\000s\000t\000i\000n\000g}{}% 66
\BOOKMARK [1][-]{section.93}{\376\377\000T\000e\000s\000t\000i\000n\000g\000\040\000C\000r\000i\000t\000e\000r\000i\000a}{chapter.92}% 67
\BOOKMARK [2][-]{subsection.94}{\376\377\000A\000/\000B\000\040\000T\000e\000s\000t\000i\000n\000g}{section.93}% 68
\BOOKMARK [2][-]{subsection.95}{\376\377\000W\000h\000i\000t\000e\000\040\000a\000n\000d\000\040\000B\000l\000a\000c\000k\000\040\000B\000o\000x\000\040\000T\000e\000s\000t\000i\000n\000g}{section.93}% 69
\BOOKMARK [2][-]{subsection.97}{\376\377\000S\000t\000r\000e\000s\000s\000\040\000a\000n\000d\000\040\000P\000e\000r\000f\000o\000r\000m\000a\000n\000c\000e\000\040\000T\000e\000s\000t\000i\000n\000g}{section.93}% 70
\BOOKMARK [2][-]{subsection.98}{\376\377\000B\000e\000t\000a\000\040\000T\000e\000s\000t\000i\000n\000g}{section.93}% 71
\BOOKMARK [1][-]{section.99}{\376\377\000T\000e\000s\000t\000i\000n\000g\000\040\000R\000e\000s\000u\000l\000t\000s}{chapter.92}% 72
\BOOKMARK [2][-]{subsection.100}{\376\377\000B\000l\000a\000c\000k\000\040\000a\000n\000d\000\040\000W\000h\000i\000t\000e\000\040\000B\000o\000x\000\040\000T\000e\000s\000t\000i\000n\000g}{section.99}% 73
\BOOKMARK [2][-]{subsection.102}{\376\377\000S\000t\000r\000e\000s\000s\000\040\000a\000n\000d\000\040\000P\000e\000r\000f\000o\000r\000m\000a\000n\000c\000e\000\040\000T\000e\000s\000t\000i\000n\000g}{section.99}% 74
\BOOKMARK [2][-]{subsection.104}{\376\377\000B\000e\000t\000a\000\040\000T\000e\000s\000t\000i\000n\000g}{section.99}% 75
\BOOKMARK [1][-]{section.106}{\376\377\000F\000o\000r\000m\000a\000t\000i\000v\000e\000\040\000E\000v\000a\000l\000u\000t\000a\000t\000i\000o\000n}{chapter.92}% 76
\BOOKMARK [1][-]{section.107}{\376\377\000F\000u\000n\000c\000t\000i\000o\000n\000a\000l\000\040\000R\000e\000q\000u\000i\000r\000e\000m\000e\000n\000t\000s\000\040\000E\000v\000a\000l\000u\000a\000t\000i\000o\000n}{chapter.92}% 77
\BOOKMARK [1][-]{section.108}{\376\377\000N\000o\000n\000-\000f\000u\000n\000c\000t\000i\000o\000n\000a\000l\000\040\000R\000e\000q\000u\000i\000r\000e\000m\000e\000n\000t\000s\000\040\000E\000v\000a\000l\000u\000a\000t\000i\000o\000n}{chapter.92}% 78
\BOOKMARK [0][-]{chapter.109}{\376\377\000C\000o\000n\000c\000l\000u\000s\000i\000o\000n}{}% 79
\BOOKMARK [1][-]{section.110}{\376\377\000S\000u\000m\000m\000a\000t\000i\000v\000e\000\040\000E\000v\000a\000l\000u\000a\000t\000i\000o\000n}{chapter.109}% 80
\BOOKMARK [1][-]{section.111}{\376\377\000P\000o\000t\000e\000n\000t\000i\000a\000l\000\040\000F\000u\000t\000u\000r\000e\000\040\000D\000e\000v\000e\000l\000o\000p\000m\000e\000n\000t}{chapter.109}% 81
\BOOKMARK [0][-]{appendix.113}{\376\377\000S\000y\000s\000t\000e\000m\000\040\000D\000e\000s\000i\000g\000n}{}% 82
\BOOKMARK [0][-]{appendix.116}{\376\377\000B\000u\000g\000s\000\040\000a\000n\000d\000\040\000S\000o\000l\000u\000t\000i\000o\000n\000s}{}% 83
\BOOKMARK [0][-]{appendix.119}{\376\377\000S\000u\000r\000v\000e\000y\000s\000\040\000a\000n\000d\000\040\000R\000e\000s\000u\000l\000t\000s}{}% 84
\BOOKMARK [0][-]{appendix.127}{\376\377\000P\000r\000o\000t\000o\000t\000y\000p\000e\000s}{}% 85
\BOOKMARK [0][-]{appendix.144}{\376\377\000G\000o\000o\000g\000l\000e\000\040\000F\000i\000r\000e\000b\000a\000s\000e\000\040\000D\000a\000t\000a\000b\000a\000s\000e}{}% 86
\BOOKMARK [0][-]{appendix.146}{\376\377\000P\000r\000o\000j\000e\000c\000t\000\040\000M\000a\000n\000a\000g\000e\000m\000e\000n\000t}{}% 87
\BOOKMARK [1][-]{section.147}{\376\377\000G\000a\000n\000t\000t\000\040\000C\000h\000a\000r\000t}{appendix.146}% 88
